Derek Lichti -- The University of Calgary -- 2021

*************************************************************************************************************

EXECUTION DATE:  Wednesday, August 11, 2021
EXECUTION TIME:  09:06:48 AM

*************************************************************************************************************
OBSERVATIONS/UNKNOWNS SUMMARY

Number of exposure stations                    4
Number of full EO exposure stations            4
Number of exterior orientation unknowns       24
Number of cameras used                         1
Number of interior orientation unknowns        0
Number of tie points                           6
Number of tie point unknowns                  18
Number of control points                      46
Number of control point unknowns             138
------------------------------------------------
Total number of unknowns                     180

Number of observed image points              161
Number of image point coord obs              322
Number of control point param obs            138
------------------------------------------------
Total number of observations                 460

Degrees of freedom                           280

Number of check points                         0

Ground control points estimated in the adjustment.

*************************************************************************************************************
EXTERIOR ORIENTATION INPUT DATA

Image             1
Camera            1
===================
Number of image point observations      37
Xc                -750.000
Yc                -270.000
Zc                 120.000
omega             90.00000
phi              -20.00000
kappa             -5.00000

Image             5
Camera            1
===================
Number of image point observations      50
Xc                2620.000
Yc                  90.000
Zc                 120.000
omega             90.00000
phi               40.00000
kappa              0.00000

Image             8
Camera            1
===================
Number of image point observations      42
Xc                -130.000
Yc                -660.000
Zc                  70.000
omega             90.00000
phi              -10.00000
kappa             90.00000

Image             9
Camera            1
===================
Number of image point observations      32
Xc                 540.000
Yc                -640.000
Zc                  60.000
omega             80.00000
phi               -5.00000
kappa             90.00000

*************************************************************************************************************
INTERIOR ORIENTATION INPUT DATA

Camera            1
===================
                   estimate             sd
------------------------------------------
xp                 2006.393
yp                 1502.312
c                  2031.216
k1               0.0000e+00
k2               0.0000e+00
k3               0.0000e+00
min x                 0.000
max x              4000.000
min y                 0.000
max y              3000.000
Image plane coordinate system is left-handed

*************************************************************************************************************
OBSERVED PHOTO COORDINATE DATA

Image            1
==================
          pt type          x             y         sd x      sd y
-----------------------------------------------------------------
          24  TIE      2015.203      1566.904     1.000     1.000
          71  TIE      3139.419      2266.361     1.000     1.000
          89  TIE      3602.550      1692.210     1.000     1.000
          B1  CNT      2545.796       970.779     1.000     1.000
          B2  CNT      3005.461       890.515     1.000     1.000
          B8  CNT      2590.090      1358.904     1.000     1.000
          B9  CNT      3032.077      1328.755     1.000     1.000
         132  TIE      2715.210      2024.794     1.000     1.000
         133  TIE      3188.106      1898.573     1.000     1.000
         A32  CNT      1321.656      2824.130     1.000     1.000
         A33  CNT      1969.692      2307.454     1.000     1.000
         A34  CNT      2251.548      2091.726     1.000     1.000
         A35  CNT      2411.552      1971.152     1.000     1.000
         BS8  CNT      3334.180      1157.505     1.000     1.000
        AS10  CNT      2055.442       266.933     1.000     1.000
        AS12  CNT      1659.208        21.946     1.000     1.000
        BS11  CNT      2536.540      1486.948     1.000     1.000
        BS17  CNT      2715.210      2024.794     1.000     1.000
        BS20  CNT      3430.106      2186.830     1.000     1.000
        BVS5  CNT      3186.273       652.426     1.000     1.000
        BVS6  CNT      2978.762       695.651     1.000     1.000
       AVS50  CNT      1978.023       245.165     1.000     1.000
       AVS57  CNT      1535.185       143.915     1.000     1.000
       AVS58  CNT      1999.769       581.903     1.000     1.000
       AVS69  CNT      2163.933      1063.192     1.000     1.000
       BVS10  CNT      2770.643       932.379     1.000     1.000
       BVS16  CNT      3518.845      1025.537     1.000     1.000
       BVS35  CNT      3097.023      1810.488     1.000     1.000
       BVS36  CNT      2572.416      1795.630     1.000     1.000
       BVS37  CNT      2688.829      1927.812     1.000     1.000
       BVS38  CNT      3637.298      2057.963     1.000     1.000
       BVS42  CNT      2598.860      2058.756     1.000     1.000
       BVS43  CNT      3379.079      2288.663     1.000     1.000
       BVS44  CNT      2898.934      2249.107     1.000     1.000
      AVS105  CNT      1748.944      2965.450     1.000     1.000
      AVS106  CNT      1989.300      2705.549     1.000     1.000
      AVS108  CNT      2272.517      2377.102     1.000     1.000

Image            5
==================
          pt type          x             y         sd x      sd y
-----------------------------------------------------------------
          24  TIE      1238.806      1498.442     1.000     1.000
          71  TIE      3180.290      2705.555     1.000     1.000
          89  TIE      3901.906      1921.242     1.000     1.000
          A5  CNT      1277.296       213.140     1.000     1.000
          B1  CNT      2720.117       670.039     1.000     1.000
          B2  CNT      3090.233       361.129     1.000     1.000
          B8  CNT      2747.999      1201.664     1.000     1.000
          B9  CNT      3104.703      1123.496     1.000     1.000
         132  TIE      2831.671      2124.490     1.000     1.000
         133  TIE      3253.844      2131.438     1.000     1.000
         A32  CNT       497.523      2021.342     1.000     1.000
         A33  CNT      1108.780      1982.524     1.000     1.000
         A34  CNT      1683.095      1952.875     1.000     1.000
         A35  CNT      2232.497      1925.216     1.000     1.000
         BS8  CNT      3487.622       725.999     1.000     1.000
        AS10  CNT      1477.283       380.549     1.000     1.000
        AS12  CNT       854.472       569.512     1.000     1.000
        AS31  CNT       403.806      2520.363     1.000     1.000
        AS32  CNT      2126.524      2351.418     1.000     1.000
        BS11  CNT      2718.113      1374.340     1.000     1.000
        BS17  CNT      2831.671      2124.490     1.000     1.000
        BS20  CNT      3553.105      2822.974     1.000     1.000
        BVS6  CNT      3068.343        26.735     1.000     1.000
       AVS50  CNT      1300.913       457.559     1.000     1.000
       AVS51  CNT      1581.897       467.114     1.000     1.000
       AVS57  CNT       710.172       733.978     1.000     1.000
       AVS58  CNT      1306.284       731.409     1.000     1.000
       AVS59  CNT      1865.994       729.965     1.000     1.000
       AVS65  CNT       410.676      1063.152     1.000     1.000
       AVS69  CNT      1614.094      1046.039     1.000     1.000
       AVS70  CNT      1887.270      1047.657     1.000     1.000
       AVS71  CNT      2183.119      1031.423     1.000     1.000
       AVS75  CNT       422.477      1336.098     1.000     1.000
       AVS91  CNT      2528.784      1548.631     1.000     1.000
       BVS10  CNT      2879.471       569.810     1.000     1.000
       BVS16  CNT      3803.870       317.619     1.000     1.000
       BVS35  CNT      3151.873      1944.858     1.000     1.000
       BVS36  CNT      2735.061      1782.322     1.000     1.000
       BVS37  CNT      2809.663      1985.996     1.000     1.000
       BVS38  CNT      3912.588      2778.844     1.000     1.000
       BVS42  CNT      2750.335      2126.336     1.000     1.000
       BVS43  CNT      3464.917      2956.131     1.000     1.000
       BVS44  CNT      2959.244      2517.236     1.000     1.000
      AVS104  CNT       501.235      2278.542     1.000     1.000
      AVS105  CNT       806.839      2240.037     1.000     1.000
      AVS106  CNT      1105.545      2233.491     1.000     1.000
      AVS107  CNT      1404.722      2203.811     1.000     1.000
      AVS108  CNT      1692.169      2200.839     1.000     1.000
      AVS116  CNT      1702.029      2494.405     1.000     1.000
      AVS117  CNT      2229.988      2435.363     1.000     1.000

Image            8
==================
          pt type          x             y         sd x      sd y
-----------------------------------------------------------------
          24  TIE      2245.988      1155.072     1.000     1.000
          85  TIE      2452.265      2987.177     1.000     1.000
          89  TIE      1997.248      2964.144     1.000     1.000
          A5  CNT      3905.815      1195.981     1.000     1.000
          B1  CNT      2811.024      2009.289     1.000     1.000
          B2  CNT      2889.246      2471.262     1.000     1.000
          B8  CNT      2401.834      2015.850     1.000     1.000
          B9  CNT      2412.264      2443.150     1.000     1.000
         A32  CNT      1366.083       237.245     1.000     1.000
         A33  CNT      1616.873      1033.161     1.000     1.000
         A34  CNT      1744.035      1457.856     1.000     1.000
         A35  CNT      1821.978      1725.398     1.000     1.000
         BS8  CNT      2583.257      2771.593     1.000     1.000
        AS10  CNT      3550.641      1343.432     1.000     1.000
        AS12  CNT      3745.202       751.004     1.000     1.000
        AS31  CNT       395.491        71.719     1.000     1.000
        AS32  CNT      1436.075      1668.828     1.000     1.000
        BS11  CNT      2274.165      1954.904     1.000     1.000
        BVS5  CNT      3159.736      2690.962     1.000     1.000
        BVS6  CNT      3109.943      2469.033     1.000     1.000
       AVS50  CNT      3561.362      1214.442     1.000     1.000
       AVS51  CNT      3386.806      1418.954     1.000     1.000
       AVS57  CNT      3596.986       564.895     1.000     1.000
       AVS58  CNT      3203.948      1217.523     1.000     1.000
       AVS59  CNT      2984.467      1580.282     1.000     1.000
       AVS65  CNT      3228.741        39.752     1.000     1.000
       AVS69  CNT      2718.364      1431.677     1.000     1.000
       AVS70  CNT      2655.327      1586.103     1.000     1.000
       AVS71  CNT      2617.419      1722.475     1.000     1.000
       AVS75  CNT      2662.836        77.143     1.000     1.000
       BVS10  CNT      2847.239      2231.203     1.000     1.000
       BVS16  CNT      2724.352      2986.019     1.000     1.000
       BVS36  CNT      1967.344      1960.383     1.000     1.000
       BVS37  CNT      1830.477      2054.718     1.000     1.000
       BVS42  CNT      1713.829      1961.041     1.000     1.000
      AVS104  CNT       919.013       259.614     1.000     1.000
      AVS105  CNT      1160.802       710.300     1.000     1.000
      AVS106  CNT      1293.498      1029.945     1.000     1.000
      AVS107  CNT      1421.072      1274.036     1.000     1.000
      AVS108  CNT      1491.964      1459.400     1.000     1.000
      AVS116  CNT      1197.929      1460.192     1.000     1.000
      AVS117  CNT      1385.033      1713.921     1.000     1.000

Image            9
==================
          pt type          x             y         sd x      sd y
-----------------------------------------------------------------
          85  TIE      2472.275      2963.369     1.000     1.000
          A5  CNT      3992.341       869.570     1.000     1.000
          B1  CNT      2855.067      1939.041     1.000     1.000
          B2  CNT      2953.337      2411.034     1.000     1.000
          B8  CNT      2418.802      1937.063     1.000     1.000
          B9  CNT      2428.220      2370.851     1.000     1.000
         A34  CNT      1745.300      1202.761     1.000     1.000
         A35  CNT      1815.903      1572.524     1.000     1.000
         BS8  CNT      2618.826      2726.341     1.000     1.000
        AS10  CNT      3623.124      1070.160     1.000     1.000
        AS32  CNT      1416.649      1492.048     1.000     1.000
        BS11  CNT      2283.995      1875.716     1.000     1.000
        BVS5  CNT      3262.982      2651.954     1.000     1.000
        BVS6  CNT      3197.319      2413.635     1.000     1.000
       AVS50  CNT      3630.623       892.916     1.000     1.000
       AVS51  CNT      3454.548      1168.442     1.000     1.000
       AVS58  CNT      3258.459       892.598     1.000     1.000
       AVS59  CNT      3034.531      1385.370     1.000     1.000
       AVS69  CNT      2755.830      1177.614     1.000     1.000
       AVS70  CNT      2690.247      1389.325     1.000     1.000
       AVS71  CNT      2648.849      1578.598     1.000     1.000
       AVS91  CNT      2148.752      1742.577     1.000     1.000
       BVS10  CNT      2900.112      2162.014     1.000     1.000
       BVS16  CNT      2781.814      2966.655     1.000     1.000
       BVS36  CNT      1959.508      1874.321     1.000     1.000
       BVS37  CNT      1810.993      1963.900     1.000     1.000
       BVS42  CNT      1692.314      1870.319     1.000     1.000
      AVS106  CNT      1307.653       627.466     1.000     1.000
      AVS107  CNT      1422.843       952.287     1.000     1.000
      AVS108  CNT      1485.350      1202.485     1.000     1.000
      AVS116  CNT      1183.873      1201.147     1.000     1.000
      AVS117  CNT      1361.321      1552.145     1.000     1.000

*************************************************************************************************************
CONTROL POINT INPUT DATA

          pt #img          X             Y             Z        sd X     sd Y     sd Z
--------------------------------------------------------------------------------------
          A5    3        47.000      1788.000      1982.000    0.010    0.010    0.010
          B1    4      1646.000      3052.000      1258.000    0.010    0.010    0.010
          B2    4      2225.000      2490.000      1254.000    0.010    0.010    0.010
          B8    4      1667.000      3038.000       489.000    0.010    0.010    0.010
          B9    4      2215.000      2506.000       461.000    0.010    0.010    0.010
         A32    3      -760.000       988.000      -547.000    0.010    0.010    0.010
         A33    3      -182.000      1555.000      -541.000    0.010    0.010    0.010
         A34    4       392.000      2122.000      -547.000    0.010    0.010    0.010
         A35    4       976.000      2703.000      -558.000    0.010    0.010    0.010
         BS8    4      2559.000      2177.000       701.000    0.010    0.010    0.010
        AS10    4       236.000      1982.000      1751.000    0.010    0.010    0.010
        AS12    3      -381.000      1373.000      1464.000    0.010    0.010    0.010
        AS31    2      -868.000       889.000     -1222.000    0.010    0.010    0.010
        AS32    3       840.000      2581.000     -1196.000    0.010    0.010    0.010
        BS11    4      1585.000      3128.000       249.000    0.010    0.010    0.010
        BS17    2      1767.000      2956.000      -796.000    0.010    0.010    0.010
        BS20    2      2562.000      2179.000     -1033.000    0.010    0.010    0.010
        BVS5    3      2444.000      2271.000      1610.000    0.010    0.010    0.010
        BVS6    4      2212.000      2498.000      1613.000    0.010    0.010    0.010
       AVS50    4        63.000      1799.000      1628.000    0.010    0.010    0.010
       AVS51    3       345.000      2075.000      1623.000    0.010    0.010    0.010
       AVS57    3      -513.000      1229.000      1230.000    0.010    0.010    0.010
       AVS58    4        60.000      1792.000      1236.000    0.010    0.010    0.010
       AVS59    3       630.000      2361.000      1248.000    0.010    0.010    0.010
       AVS65    2      -796.000       945.000       776.000    0.010    0.010    0.010
       AVS69    4       358.000      2093.000       784.000    0.010    0.010    0.010
       AVS70    3       641.000      2371.000       777.000    0.010    0.010    0.010
       AVS71    3       956.000      2682.000       797.000    0.010    0.010    0.010
       AVS75    2      -794.000       946.000       402.000    0.010    0.010    0.010
       AVS91    2      1318.000      3040.000        -5.000    0.010    0.010    0.010
       BVS10    4      1941.000      2766.000      1253.000    0.010    0.010    0.010
       BVS16    4      2747.000      1983.000       879.000    0.010    0.010    0.010
       BVS35    2      2240.000      2480.000      -400.000    0.010    0.010    0.010
       BVS36    4      1598.000      3109.000      -358.000    0.010    0.010    0.010
       BVS37    4      1739.000      2973.000      -614.000    0.010    0.010    0.010
       BVS38    2      2766.000      1968.000      -810.000    0.010    0.010    0.010
       BVS42    4      1605.000      3101.000      -868.000    0.010    0.010    0.010
       BVS43    2      2495.000      2234.000     -1205.000    0.010    0.010    0.010
       BVS44    2      1967.000      2747.000     -1192.000    0.010    0.010    0.010
      AVS104    2      -761.000       983.000      -898.000    0.010    0.010    0.010
      AVS105    3      -476.000      1261.000      -874.000    0.010    0.010    0.010
      AVS106    4      -192.000      1543.000      -895.000    0.010    0.010    0.010
      AVS107    3       101.000      1834.000      -885.000    0.010    0.010    0.010
      AVS108    4       394.000      2128.000      -914.000    0.010    0.010    0.010
      AVS116    3       393.000      2129.000     -1352.000    0.010    0.010    0.010
      AVS117    3       953.000      2683.000     -1334.000    0.010    0.010    0.010

*************************************************************************************************************
TIE POINT INPUT DATA

          pt #img          X             Y             Z   
-----------------------------------------------------------
          24    3         0.000      1700.000       100.000
          71    2      2200.000      2500.000     -1200.000
          85    2      2800.000      2000.000       500.000
          89    3      2800.000      2000.000      -200.000
         132    2      1800.000      3000.000      -800.000
         133    2      2300.000      2400.000      -600.000

*************************************************************************************************************

Adjustment successfull!

Convergence in  4 iteration(s).
Time elapsed for adjustment in seconds     0.02

*************************************************************************************************************
IMAGE POINT RESIDUALS, REDUNDANCY NUMBERS AND STANDARDISED RESIDUALS

Significance of test =           0.0010
Power of test =                  0.2000
Critical value =                  3.291
Non-centrality parameter =       17.079
Outlier flag =                     <***

Image            1
==================
          pt     v x      v y     r x    r y    mde x    mde y    w x    w y
----------------------------------------------------------------------------
          24    0.357    0.356   0.36   0.54    6.928    5.629   0.60   0.48
          71    0.197    0.629   0.06   0.61   16.849    5.282   0.80   0.80
          89   -2.437    1.932   0.39   0.79    6.633    4.641  -3.91   2.17 <***
          B1    1.250   -2.140   0.95   0.96    4.234    4.227   1.28  -2.19
          B2   -1.000   -3.131   0.93   0.96    4.292    4.227  -1.04  -3.20
          B8    1.141   -1.315   0.97   0.97    4.202    4.199   1.16  -1.34
          B9   -0.517   -1.346   0.95   0.97    4.231    4.202  -0.53  -1.37
         132   -0.108   -0.528   0.03   0.60   26.074    5.347  -0.68  -0.68
         133    0.068    0.349   0.03   0.69   25.397    4.968   0.42   0.42
         A32    1.788   -4.954   0.68   0.50    5.030    5.856   2.18  -7.02 <***
         A33   -0.791    1.128   0.91   0.91    4.333    4.338  -0.83   1.18
         A34   -0.183    1.613   0.96   0.97    4.220    4.200  -0.19   1.64
         A35    0.107    1.810   0.97   0.97    4.200    4.199   0.11   1.84
         BS8   -1.893   -2.263   0.93   0.95    4.295    4.232  -1.97  -2.32
        AS10    0.556   -2.492   0.91   0.91    4.323    4.339   0.58  -2.62
        AS12    0.164    1.564   0.84   0.72    4.511    4.860   0.18   1.84
        BS11    1.339   -0.986   0.97   0.97    4.197    4.201   1.36  -1.00
        BS17    0.038    0.425   0.95   0.96    4.231    4.224   0.04   0.43
        BS20   -0.161    1.385   0.89   0.94    4.392    4.254  -0.17   1.43
        BVS5   -1.716   -3.450   0.88   0.94    4.400    4.268  -1.83  -3.56 <***
        BVS6   -0.685   -2.976   0.91   0.94    4.338    4.254  -0.72  -3.06
       AVS50    0.444   -1.851   0.91   0.89    4.344    4.379   0.47  -1.96
       AVS57    1.782    2.627   0.81   0.61    4.592    5.289   1.98   3.36 <***
       AVS58    1.542   -0.293   0.93   0.92    4.290    4.318   1.60  -0.31
       AVS69   -0.056   -1.289   0.96   0.96    4.211    4.213  -0.06  -1.31
       BVS10   -0.498   -1.755   0.94   0.96    4.255    4.221  -0.51  -1.79
       BVS16   -2.162   -2.859   0.89   0.94    4.368    4.263  -2.29  -2.95
       BVS35    0.167    0.392   0.95   0.97    4.244    4.207   0.17   0.40
       BVS36    1.009    0.350   0.97   0.96    4.203    4.209   1.03   0.36
       BVS37    0.623    1.324   0.96   0.96    4.218    4.214   0.64   1.35
       BVS38   -0.400    2.578   0.88   0.94    4.418    4.272  -0.43   2.67
       BVS42    0.738    1.857   0.96   0.95    4.227    4.236   0.75   1.90
       BVS43   -0.129    1.589   0.88   0.94    4.413    4.261  -0.14   1.64
       BVS44    0.190    0.803   0.93   0.95    4.290    4.249   0.20   0.83
      AVS105   -1.395    1.859   0.81   0.76    4.604    4.735  -1.55   2.13
      AVS106   -0.928    2.922   0.88   0.89    4.402    4.387  -0.99   3.10
      AVS108   -1.282    4.487   0.94   0.95    4.257    4.233  -1.32   4.60 <***
            ------------------
RMS             1.047    2.097

Image            5
==================
          pt     v x      v y     r x    r y    mde x    mde y    w x    w y
----------------------------------------------------------------------------
          24    0.149   -0.250   0.08   0.75   15.025    4.775   0.54  -0.29
          71    0.100   -0.397   0.02   0.24   33.376    8.384   0.80  -0.80
          89   -0.268    1.309   0.00   0.24   63.382    8.466  -4.12   2.68 <***
          A5    2.757   -1.951   0.92   0.93    4.313    4.292   2.88  -2.03
          B1   -3.090   -0.208   0.97   0.95    4.191    4.240  -3.13  -0.21
          B2   -1.484    0.635   0.93   0.90    4.282    4.353  -1.54   0.67
          B8   -2.109    0.592   0.98   0.97    4.174    4.186  -2.13   0.60
          B9   -0.107    1.183   0.96   0.94    4.225    4.252  -0.11   1.22
         132   -0.051    0.394   0.01   0.33   55.048    7.163  -0.68   0.68
         133    0.024   -0.203   0.00   0.23   71.569    8.538   0.42  -0.42
         A32   -1.715    2.776   0.90   0.93    4.348    4.286  -1.80   2.88
         A33   -0.477    1.029   0.96   0.96    4.219    4.209  -0.49   1.05
         A34   -0.483    0.402   0.97   0.98    4.186    4.175  -0.49   0.41
         A35    0.877    1.818   0.98   0.98    4.169    4.172   0.88   1.84
         BS8   -0.945    1.969   0.89   0.84    4.383    4.507  -1.00   2.15
        AS10    2.506   -0.467   0.94   0.95    4.256    4.242   2.58  -0.48
        AS12    1.488   -0.830   0.91   0.94    4.326    4.262   1.56  -0.86
        AS31   -0.495   -0.258   0.83   0.90    4.531    4.350  -0.54  -0.27
        AS32    1.485    3.320   0.97   0.97    4.188    4.203   1.50   3.38 <***
        BS11   -2.674    0.766   0.98   0.98    4.172    4.180  -2.70   0.77
        BS17   -1.488    1.523   0.97   0.97    4.187    4.205  -1.51   1.55
        BS20    0.387   -0.838   0.87   0.82    4.429    4.560   0.41  -0.93
        BVS6   -2.548   -0.218   0.92   0.85    4.319    4.481  -2.66  -0.24
       AVS50    1.624    0.618   0.94   0.95    4.266    4.235   1.68   0.63
       AVS51    0.566    0.021   0.95   0.96    4.235    4.223   0.58   0.02
       AVS57    0.736   -1.842   0.91   0.94    4.329    4.265   0.77  -1.90
       AVS58    0.963    0.103   0.95   0.97    4.230    4.205   0.99   0.11
       AVS59    3.330   -1.480   0.97   0.97    4.195    4.191   3.38  -1.50 <***
       AVS65   -0.331   -1.129   0.89   0.93    4.374    4.295  -0.35  -1.17
       AVS69    4.818   -0.959   0.97   0.98    4.188    4.178   4.88  -0.97 <***
       AVS70    3.381   -0.711   0.98   0.98    4.179    4.172   3.42  -0.72 <***
       AVS71    0.762   -0.778   0.98   0.98    4.172    4.176   0.77  -0.79
       AVS75    0.318   -0.487   0.91   0.93    4.338    4.289   0.33  -0.50
       AVS91   -1.525    1.101   0.98   0.98    4.165    4.173  -1.54   1.11
       BVS10   -2.447  -29.954   0.96   0.94    4.217    4.268  -2.50 -30.93 <***
       BVS16   -0.745    5.200   0.78   0.68    4.674    5.023  -0.84   6.32 <***
       BVS35    0.533    0.525   0.96   0.95    4.227    4.248   0.55   0.54
       BVS36   -1.898    1.891   0.98   0.98    4.174    4.183  -1.92   1.91
       BVS37   -0.982    2.399   0.98   0.97    4.181    4.193  -0.99   2.43
       BVS38   -0.130   -2.095   0.79   0.70    4.660    4.937  -0.15  -2.50
       BVS42   -3.018    3.638   0.98   0.96    4.184    4.208  -3.06   3.71 <***
       BVS43   -1.015   -0.786   0.88   0.82    4.411    4.567  -1.08  -0.87
       BVS44   -0.936    2.226   0.96   0.94    4.219    4.272  -0.96   2.30
      AVS104    0.251    0.670   0.88   0.92    4.401    4.301   0.27   0.70
      AVS105   -0.366    0.265   0.92   0.95    4.297    4.251  -0.38   0.27
      AVS106    0.505   -0.341   0.95   0.96    4.247    4.218   0.52  -0.35
      AVS107   -0.339    0.323   0.96   0.97    4.216    4.195  -0.35   0.33
      AVS108    3.442    1.095   0.97   0.98    4.199    4.184   3.50   1.11 <***
      AVS116    4.360    4.046   0.96   0.96    4.222    4.213   4.45   4.12 <***
      AVS117    0.933    3.683   0.97   0.96    4.190    4.221   0.95   3.76 <***
            ------------------
RMS             1.811    4.560

Image            8
==================
          pt     v x      v y     r x    r y    mde x    mde y    w x    w y
----------------------------------------------------------------------------
          24    0.216   -0.411   0.62   0.53    5.253    5.661   0.27  -0.56
          85   -0.464   -0.023   0.49   0.00    5.891  117.257  -0.66  -0.66
          89    4.494    2.606   0.78   0.51    4.676    5.793   5.08   3.65 <***
          A5   -1.047   -0.544   0.85   0.91    4.480    4.322  -1.14  -0.57
          B1   -2.586   -0.885   0.96   0.96    4.211    4.228  -2.63  -0.91
          B2   -3.174    1.047   0.96   0.93    4.225    4.285  -3.25   1.09
          B8   -0.161   -0.863   0.97   0.96    4.186    4.212  -0.16  -0.88
          B9    0.277    1.377   0.97   0.95    4.204    4.250   0.28   1.42
         A32   -4.007   -1.835   0.82   0.88    4.552    4.407  -4.41  -1.96 <***
         A33    1.065    1.520   0.96   0.95    4.228    4.236   1.09   1.56
         A34    2.019    0.831   0.98   0.97    4.178    4.204   2.04   0.85
         A35    2.513   -0.045   0.98   0.96    4.182    4.212   2.54  -0.05
         BS8   -0.375    2.067   0.94   0.92    4.261    4.316  -0.39   2.16
        AS10   -2.706    0.563   0.92   0.94    4.303    4.263  -2.82   0.58
        AS12    1.767   -2.259   0.86   0.90    4.464    4.345   1.91  -2.38
        AS31   -1.300   -2.548   0.65   0.79    5.109    4.647  -1.61  -2.87
        AS32    3.821    0.747   0.96   0.94    4.213    4.253   3.90   0.77 <***
        BS11    0.903   -0.746   0.97   0.96    4.186    4.212   0.91  -0.76
        BVS5   -6.720    1.544   0.93   0.89    4.279    4.388  -6.96   1.64 <***
        BVS6   -5.221    1.035   0.95   0.91    4.247    4.325  -5.37   1.08 <***
       AVS50   -2.127    0.008   0.92   0.94    4.304    4.270  -2.21   0.01
       AVS51   -1.840    0.479   0.94   0.95    4.256    4.241  -1.89   0.49
       AVS57    2.036   -2.855   0.84   0.90    4.504    4.367   2.22  -3.02
       AVS58   -2.371    0.289   0.96   0.95    4.228    4.231  -2.43   0.30
       AVS59   -1.263   -0.504   0.97   0.97    4.198    4.201  -1.28  -0.51
       AVS65    0.718   -1.261   0.71   0.85    4.907    4.479   0.85  -1.37
       AVS69   -1.044   -0.022   0.98   0.97    4.179    4.185  -1.06  -0.02
       AVS70    0.057   -0.496   0.98   0.98    4.175    4.181   0.06  -0.50
       AVS71   -0.301   -0.551   0.98   0.97    4.180    4.187  -0.30  -0.56
       AVS75   -0.236    0.787   0.74   0.87    4.815    4.423  -0.27   0.84
       BVS10   -3.278   -0.192   0.96   0.95    4.209    4.249  -3.34  -0.20 <***
       BVS16   -2.076    2.013   0.91   0.89    4.323    4.391  -2.17   2.14
       BVS36    2.698   -0.595   0.97   0.95    4.189    4.230   2.74  -0.61
       BVS37    4.652   -0.412   0.97   0.94    4.192    4.252   4.72  -0.42 <***
       BVS42    4.823   -0.089   0.97   0.94    4.204    4.260   4.91  -0.09 <***
      AVS104   -2.630   -2.030   0.81   0.86    4.587    4.454  -2.92  -2.19
      AVS105    1.558    2.017   0.91   0.92    4.332    4.313   1.63   2.10
      AVS106    3.727    2.880   0.95   0.94    4.242    4.262   3.83   2.97 <***
      AVS107    2.814    1.528   0.97   0.95    4.204    4.236   2.86   1.57
      AVS108    2.847    1.465   0.97   0.96    4.193    4.228   2.89   1.50
      AVS116    3.149    1.695   0.95   0.94    4.236    4.268   3.23   1.75
      AVS117    4.582    0.347   0.96   0.94    4.226    4.269   4.69   0.36 <***
            ------------------
RMS             2.780    1.371

Image            9
==================
          pt     v x      v y     r x    r y    mde x    mde y    w x    w y
----------------------------------------------------------------------------
          85    0.408    0.020   0.38   0.00    6.698  134.537   0.66   0.66
          A5    0.054   -2.415   0.70   0.83    4.955    4.547   0.06  -2.66
          B1   -3.537   -1.769   0.94   0.94    4.260    4.264  -3.65  -1.82 <***
          B2   -4.167    0.958   0.94   0.91    4.260    4.332  -4.30   1.00 <***
          B8   -0.406   -0.330   0.97   0.96    4.207    4.226  -0.41  -0.34
          B9    0.947    2.749   0.95   0.94    4.244    4.263   0.97   2.84
         A34    1.776    1.393   0.92   0.93    4.307    4.294   1.85   1.45
         A35    1.715    1.837   0.96   0.96    4.222    4.221   1.75   1.88
         BS8    0.395    3.355   0.88   0.90    4.395    4.362   0.42   3.54 <***
        AS10    0.054   -2.001   0.86   0.90    4.456    4.365   0.06  -2.11
        AS32    2.599    2.555   0.90   0.93    4.344    4.278   2.73   2.64
        BS11    0.455   -0.490   0.96   0.96    4.215    4.226   0.46  -0.50
        BVS5   -8.040    0.470   0.89   0.82    4.369    4.557  -8.50   0.52 <***
        BVS6   -7.515    0.164   0.92   0.87    4.310    4.420  -7.84   0.18 <***
       AVS50    2.278   -4.331   0.81   0.86    4.591    4.444   2.53  -4.66 <***
       AVS51   -0.251   -1.972   0.90   0.92    4.350    4.312  -0.26  -2.06
       AVS58    2.623   -3.707   0.81   0.89    4.594    4.383   2.92  -3.93 <***
       AVS59   -0.428   -0.561   0.96   0.96    4.225    4.226  -0.44  -0.57
       AVS69    0.974    0.202   0.91   0.94    4.342    4.252   1.02   0.21
       AVS70    0.233   -0.151   0.96   0.97    4.222    4.206   0.24  -0.15
       AVS71   -0.224   -0.092   0.97   0.97    4.188    4.194  -0.23  -0.09
       AVS91    0.901   -1.059   0.96   0.96    4.209    4.211   0.92  -1.08
       BVS10   -4.356   -0.616   0.95   0.93    4.236    4.281  -4.47  -0.64 <***
       BVS16   -1.557    3.467   0.82   0.84    4.575    4.509  -1.72   3.78 <***
       BVS36    2.219    0.515   0.95   0.95    4.240    4.243   2.28   0.53
       BVS37    4.306    1.625   0.94   0.94    4.253    4.271   4.43   1.68 <***
       BVS42    3.923    1.049   0.92   0.93    4.308    4.278   4.09   1.09 <***
      AVS106   -0.520   -2.971   0.71   0.74    4.911    4.814  -0.62  -3.46 <***
      AVS107    0.663   -0.617   0.85   0.85    4.483    4.470   0.72  -0.67
      AVS108    1.674    2.990   0.91   0.91    4.326    4.332   1.75   3.13
      AVS116   -0.210    3.194   0.85   0.89    4.476    4.392  -0.23   3.39 <***
      AVS117    3.111    2.249   0.88   0.93    4.401    4.288   3.31   2.33 <***
            ------------------
RMS             2.812    2.037
            ================================
OVERALL
MEAN            0.048    0.069   0.86   0.88
RMS             2.204    2.964

Number of flagged image points       40

Maximum x residual               4.823
Point        BVS42
Image            8
Maximum y residual               5.200
Point        BVS16
Image            5

Minimum x residual              -8.040
Point         BVS5
Image            9
Minimum y residual             -29.954
Point        BVS10
Image            5

Maximum radial distance=  2294.148

Redundancy in x                 138.41
Redundancy in y                 141.57

Variance component in x          5.651
Variance component in y          9.988

*************************************************************************************************************
PARAMETER RESIDUALS


CONTROL POINTS
==============
          pt   param      v       r       mde      w
------------------------------------------------------
          A5       X     0.000   0.00    3.114    0.74
          A5       Y     0.000   0.00    3.468   -1.14
          A5       Z     0.000   0.00    2.958   -0.27
          B1       X     0.000   0.00    3.790    2.60
          B1       Y     0.000   0.00    7.141   -0.11
          B1       Z     0.000   0.00    3.630    1.95
          B2       X     0.000   0.00    2.957    0.68
          B2       Y     0.000   0.00    4.831   -0.82
          B2       Z     0.000   0.00    3.002    2.51
          B8       X     0.000   0.00    3.818    1.49
          B8       Y     0.000   0.00    8.439    1.24
          B8       Z     0.000   0.00    3.629    0.06
          B9       X     0.000   0.00    3.036   -1.36
          B9       Y     0.000   0.00    5.919    1.80
          B9       Z     0.000   0.00    3.032   -0.40
         A32       X     0.000   0.00    1.959   -1.14
         A32       Y     0.000   0.00    3.207    0.22
         A32       Z     0.000   0.00    2.228   -0.99
         A33       X     0.000   0.00    2.944   -0.27
         A33       Y     0.000   0.00    4.825    0.34
         A33       Z     0.000   0.00    2.700    0.63
         A34       X     0.000   0.00    3.192   -0.91
         A34       Y     0.000   0.00    6.003   -0.03
         A34       Z     0.000   0.00    2.918   -0.82
         A35       X     0.000   0.00    3.746   -1.51
         A35       Y     0.000   0.00    7.579   -0.31
         A35       Z     0.000   0.00    3.454   -0.10
         BS8       X     0.000   0.00    2.415   -0.26
         BS8       Y     0.000   0.00    4.426    1.40
         BS8       Z     0.000   0.00    2.676    0.43
        AS10       X     0.000   0.00    2.884   -0.23
        AS10       Y     0.000   0.00    3.688   -0.89
        AS10       Z     0.000   0.00    2.674    0.06
        AS12       X     0.000   0.00    2.542    1.08
        AS12       Y     0.000   0.00    3.083   -0.29
        AS12       Z     0.000   0.00    2.537   -0.59
        AS31       X     0.000   0.00    2.915    3.12
        AS31       Y     0.000   0.00    2.922    2.55
        AS31       Z     0.000   0.00    3.315    0.99
        AS32       X     0.000   0.00    4.216   -3.58<***
        AS32       Y     0.000   0.00    7.446   -1.63
        AS32       Z     0.000   0.00    4.030   -1.48
        BS11       X     0.000   0.00    3.940    1.75
        BS11       Y     0.000   0.00    9.168    1.86
        BS11       Z     0.000   0.00    3.742   -0.62
        BS17       X     0.000   0.00    4.754    1.10
        BS17       Y     0.000   0.00    9.051    1.48
        BS17       Z     0.000   0.00    4.675    1.47
        BS20       X     0.000   0.00    2.690    0.00
        BS20       Y     0.000   0.00    5.015   -0.53
        BS20       Z     0.000   0.00    3.349   -0.13
        BVS5       X     0.000   0.00    4.680   -1.09
        BVS5       Y     0.000   0.00    4.500   -4.22<***
        BVS5       Z     0.001   0.00    3.816    7.53<***
        BVS6       X     0.000   0.00    2.955    1.30
        BVS6       Y     0.000   0.00    4.400   -2.40
        BVS6       Z     0.001   0.00    3.040    4.69<***
       AVS50       X     0.000   0.00    2.678    2.16
       AVS50       Y     0.000   0.00    3.406    0.87
       AVS50       Z     0.000   0.00    2.511   -0.84
       AVS51       X     0.000   0.00    3.473    0.68
       AVS51       Y     0.000   0.00    4.733   -1.24
       AVS51       Z     0.000   0.00    3.141    1.32
       AVS57       X     0.000   0.00    2.314    0.28
       AVS57       Y     0.000   0.00    3.066    0.15
       AVS57       Z     0.000   0.00    2.422   -0.34
       AVS58       X     0.000   0.00    2.690    0.95
       AVS58       Y     0.000   0.00    4.030    0.88
       AVS58       Z     0.000   0.00    2.514   -0.26
       AVS59       X     0.000   0.00    3.810   -1.19
       AVS59       Y     0.000   0.00    6.496   -2.81
       AVS59       Z     0.000   0.00    3.442    0.23
       AVS65       X     0.000   0.00    2.645    1.38
       AVS65       Y     0.000   0.00    3.245    1.48
       AVS65       Z     0.000   0.00    2.779   -1.39
       AVS69       X     0.000   0.00    3.076   -1.78
       AVS69       Y     0.000   0.00    5.775   -3.06
       AVS69       Z     0.000   0.00    2.805   -1.02
       AVS70       X     0.000   0.00    3.876   -1.27
       AVS70       Y     0.000   0.00    7.787   -2.78
       AVS70       Z     0.000   0.00    3.509   -0.51
       AVS71       X     0.000   0.00    4.126   -0.15
       AVS71       Y     0.000   0.00    8.937   -0.81
       AVS71       Z     0.000   0.00    3.791   -0.16
       AVS75       X     0.000   0.00    2.700   -0.91
       AVS75       Y     0.000   0.00    3.711   -0.81
       AVS75       Z     0.000   0.00    2.843    0.05
       AVS91       X     0.000   0.00    5.127    1.88
       AVS91       Y     0.000   0.00   14.150    1.08
       AVS91       Z     0.000   0.00    4.928    0.24
       BVS10       X    -0.001   0.00    3.394   -4.18<***
       BVS10       Y     0.001   0.00    5.897   10.48<***
       BVS10       Z    -0.002   0.00    3.307  -16.55<***
       BVS16       X     0.000   0.00    2.043    0.82
       BVS16       Y     0.000   0.00    3.559   -1.36
       BVS16       Z     0.001   0.00    2.544    4.92<***
       BVS35       X     0.000   0.00    3.590   -0.60
       BVS35       Y     0.000   0.00    7.831    0.21
       BVS35       Z     0.000   0.00    3.803    0.69
       BVS36       X     0.000   0.00    3.941    0.74
       BVS36       Y     0.000   0.00    8.828    1.31
       BVS36       Z     0.000   0.00    3.768   -0.96
       BVS37       X     0.000   0.00    3.770   -0.40
       BVS37       Y     0.000   0.00    7.739    0.49
       BVS37       Z     0.000   0.00    3.637   -1.98
       BVS38       X     0.000   0.00    2.190    0.94
       BVS38       Y     0.000   0.00    4.478   -1.70
       BVS38       Z     0.000   0.00    3.049   -1.07
       BVS42       X     0.000   0.00    3.940    0.80
       BVS42       Y     0.000   0.00    7.953    1.68
       BVS42       Z     0.000   0.00    3.819   -0.92
       BVS43       X     0.000   0.00    2.843    1.40
       BVS43       Y     0.000   0.00    4.956   -0.31
       BVS43       Z     0.000   0.00    3.491    0.02
       BVS44       X     0.000   0.00    4.203    0.30
       BVS44       Y     0.000   0.00    7.244    2.02
       BVS44       Z     0.000   0.00    4.351    2.35
      AVS104       X     0.000   0.00    3.010    2.33
      AVS104       Y     0.000   0.00    3.411    2.52
      AVS104       Z     0.000   0.00    3.143    2.74
      AVS105       X     0.000   0.00    2.421    0.12
      AVS105       Y     0.000   0.00    3.401    0.24
      AVS105       Z     0.000   0.00    2.411    0.66
      AVS106       X     0.000   0.00    2.518    0.91
      AVS106       Y     0.000   0.00    3.760    0.45
      AVS106       Z     0.000   0.00    2.427    0.09
      AVS107       X     0.000   0.00    3.516   -0.67
      AVS107       Y     0.000   0.00    5.521   -0.72
      AVS107       Z     0.000   0.00    3.301   -1.97
      AVS108       X     0.000   0.00    3.215   -2.74
      AVS108       Y     0.000   0.00    5.356   -2.26
      AVS108       Z     0.000   0.00    2.959    0.86
      AVS116       X    -0.001   0.00    3.864   -6.07<***
      AVS116       Y     0.000   0.00    5.675   -2.59
      AVS116       Z     0.000   0.00    3.685    0.81
      AVS117       X     0.000   0.00    4.281   -3.03
      AVS117       Y     0.000   0.00    7.495   -1.59
      AVS117       Z     0.000   0.00    4.159   -1.87

RMS                X     0.000
RMS                Y     0.000
RMS                Z     0.000

Redundancy                 0.02

Variance component        5.143

*************************************************************************************************************
ESTIMATED VARIANCE FACTOR SUMMARY

Quadratic form of the residuals       2196.284

Total redundancy                        280.00

Estimated variance factor                7.844

Estimated standard errors and confidence ellipsoids are not scaled by the root of the estimated variance factor.

*************************************************************************************************************
ESTIMATED EXTERIOR ORIENTATION PARAMETERS AND STANDARD ERRORS

Image             1
Camera            1
===================
Number of image point observations      37
Minimum observed radial distance       65.190
Maximum observed radial distance     1722.962
Mean observed radial distance        1086.678
Xc                -750.275          0.456
Yc                -268.444          0.524
Zc                 123.480          0.802
omega             92.49239        0.01721
phi              -19.82671        0.01084
kappa             -2.98557        0.00901
M
  0.9394459208 -0.3361306765 -0.0667647375
  0.0489969555 -0.0610767317  0.9969297524
 -0.3391764441 -0.9398328581 -0.0409089067

Image             5
Camera            1
===================
Number of image point observations      50
Minimum observed radial distance      470.002
Maximum observed radial distance     2294.148
Mean observed radial distance        1228.860
Xc                2619.082          0.591
Yc                  91.524          0.583
Zc                 118.253          0.725
omega             89.47851        0.01757
phi               38.14305        0.01383
kappa             -1.68342        0.01005
M
  0.7861317075  0.6170675005 -0.0349948332
  0.0231041926  0.0272410443  0.9993618573
  0.6176270192 -0.7864385706  0.0071582023

Image             8
Camera            1
===================
Number of image point observations      42
Minimum observed radial distance      266.098
Maximum observed radial distance     2154.438
Mean observed radial distance        1101.233
Xc                -124.454          0.585
Yc                -665.036          0.362
Zc                  64.737          0.785
omega             85.01218        0.01542
phi              -11.73559        0.01213
kappa             88.73449        0.00838
M
  0.0216239292  0.0824477150  0.9963607680
 -0.9788578484  0.2044960408  0.0043222511
 -0.2033954726 -0.9753890217  0.0851266008

Image             9
Camera            1
===================
Number of image point observations      32
Minimum observed radial distance      203.018
Maximum observed radial distance     2084.311
Mean observed radial distance         987.745
Xc                 537.556          1.300
Yc                -634.056          0.645
Zc                  57.958          1.804
omega             84.87980        0.03106
phi               -5.32950        0.02260
kappa             90.35370        0.01137
M
 -0.0061464745  0.0898148528  0.9959395128
 -0.9956580385  0.0919598882 -0.0144377750
 -0.0928832129 -0.9917039231  0.0888596511

MEAN PRECISION
==============
Xc                   0.805
Yc                   0.539
Zc                   1.122
omega              0.02126
phi                0.01555
kappa              0.00977

*************************************************************************************************************
ESTIMATED CONTROL POINT COORDINATES AND STANDARD ERRORS

          pt #img          X             Y             Z        sd X     sd Y     sd Z
--------------------------------------------------------------------------------------
          A5    3        47.000      1788.000      1982.000    0.010    0.010    0.010
          B1    4      1646.000      3052.000      1258.000    0.010    0.010    0.010
          B2    4      2225.000      2490.000      1254.000    0.010    0.010    0.010
          B8    4      1667.000      3038.000       489.000    0.010    0.010    0.010
          B9    4      2215.000      2506.000       461.000    0.010    0.010    0.010
         A32    3      -760.000       988.000      -547.000    0.010    0.010    0.010
         A33    3      -182.000      1555.000      -541.000    0.010    0.010    0.010
         A34    4       392.000      2122.000      -547.000    0.010    0.010    0.010
         A35    4       976.000      2703.000      -558.000    0.010    0.010    0.010
         BS8    4      2559.000      2177.000       701.000    0.010    0.010    0.010
        AS10    4       236.000      1982.000      1751.000    0.010    0.010    0.010
        AS12    3      -381.000      1373.000      1464.000    0.010    0.010    0.010
        AS31    2      -868.000       889.000     -1222.000    0.010    0.010    0.010
        AS32    3       840.000      2581.000     -1196.000    0.010    0.010    0.010
        BS11    4      1585.000      3128.000       249.000    0.010    0.010    0.010
        BS17    2      1767.000      2956.000      -796.000    0.010    0.010    0.010
        BS20    2      2562.000      2179.000     -1033.000    0.010    0.010    0.010
        BVS5    3      2444.000      2271.000      1610.001    0.010    0.010    0.010
        BVS6    4      2212.000      2498.000      1613.001    0.010    0.010    0.010
       AVS50    4        63.000      1799.000      1628.000    0.010    0.010    0.010
       AVS51    3       345.000      2075.000      1623.000    0.010    0.010    0.010
       AVS57    3      -513.000      1229.000      1230.000    0.010    0.010    0.010
       AVS58    4        60.000      1792.000      1236.000    0.010    0.010    0.010
       AVS59    3       630.000      2361.000      1248.000    0.010    0.010    0.010
       AVS65    2      -796.000       945.000       776.000    0.010    0.010    0.010
       AVS69    4       358.000      2093.000       784.000    0.010    0.010    0.010
       AVS70    3       641.000      2371.000       777.000    0.010    0.010    0.010
       AVS71    3       956.000      2682.000       797.000    0.010    0.010    0.010
       AVS75    2      -794.000       946.000       402.000    0.010    0.010    0.010
       AVS91    2      1318.000      3040.000        -5.000    0.010    0.010    0.010
       BVS10    4      1940.999      2766.001      1252.998    0.010    0.010    0.010
       BVS16    4      2747.000      1983.000       879.001    0.010    0.010    0.010
       BVS35    2      2240.000      2480.000      -400.000    0.010    0.010    0.010
       BVS36    4      1598.000      3109.000      -358.000    0.010    0.010    0.010
       BVS37    4      1739.000      2973.000      -614.000    0.010    0.010    0.010
       BVS38    2      2766.000      1968.000      -810.000    0.010    0.010    0.010
       BVS42    4      1605.000      3101.000      -868.000    0.010    0.010    0.010
       BVS43    2      2495.000      2234.000     -1205.000    0.010    0.010    0.010
       BVS44    2      1967.000      2747.000     -1192.000    0.010    0.010    0.010
      AVS104    2      -761.000       983.000      -898.000    0.010    0.010    0.010
      AVS105    3      -476.000      1261.000      -874.000    0.010    0.010    0.010
      AVS106    4      -192.000      1543.000      -895.000    0.010    0.010    0.010
      AVS107    3       101.000      1834.000      -885.000    0.010    0.010    0.010
      AVS108    4       394.000      2128.000      -914.000    0.010    0.010    0.010
      AVS116    3       392.999      2129.000     -1352.000    0.010    0.010    0.010
      AVS117    3       953.000      2683.000     -1334.000    0.010    0.010    0.010
                                                           ---------------------------
MEAN PRECISION                                                 0.010    0.010    0.010

*************************************************************************************************************
ESTIMATED TIE POINT COORDINATES AND STANDARD ERRORS

          pt #img          X             Y             Z        sd X     sd Y     sd Z
--------------------------------------------------------------------------------------
          24    3       -35.489      1697.599       141.736    0.769    1.413    0.691
          71    2      2244.154      2479.463     -1193.758    0.866    2.045    1.318
          85    2      2763.709      1973.881       471.831    9.927   10.393    1.948
          89    3      2773.211      1973.472      -223.810    0.585    1.350    0.677
         132    2      1768.375      2957.965      -794.747    1.158    2.500    1.297
         133    2      2336.357      2395.474      -554.987    0.814    1.978    1.011
                                                           ---------------------------
MEAN PRECISION                                                 4.128    4.586    1.236

*************************************************************************************************************
CORRELATION COEFFICIENT SUB-MATRICIES

Image             1
Camera            1     
===================
       Xc    Yc    Zc    w     p     k  
Xc   +1.00 
Yc   -0.48 +1.00 
Zc   +0.15 -0.37 +1.00 
w    -0.16 +0.36 -0.96 +1.00 
p    +0.84 -0.75 +0.26 -0.27 +1.00 
k    -0.11 +0.13 -0.19 +0.11 -0.12 +1.00 

Image             5
Camera            1     
===================
       Xc    Yc    Zc    w     p     k  
Xc   +1.00 
Yc   +0.82 +1.00 
Zc   -0.08 -0.06 +1.00 
w    +0.06 +0.03 -0.97 +1.00 
p    +0.95 +0.89 -0.07 +0.04 +1.00 
k    -0.08 -0.06 +0.70 -0.76 -0.07 +1.00 

Image             8
Camera            1     
===================
       Xc    Yc    Zc    w     p     k  
Xc   +1.00 
Yc   -0.53 +1.00 
Zc   -0.02 -0.16 +1.00 
w    +0.05 +0.18 -0.97 +1.00 
p    +0.94 -0.48 -0.12 +0.15 +1.00 
k    +0.09 -0.15 +0.41 -0.38 -0.02 +1.00 

Image             9
Camera            1     
===================
       Xc    Yc    Zc    w     p     k  
Xc   +1.00 
Yc   -0.43 +1.00 
Zc   +0.01 -0.40 +1.00 
w    -0.01 +0.45 -0.99 +1.00 
p    +0.97 -0.45 -0.02 +0.01 +1.00 
k    +0.45 -0.25 +0.07 -0.09 +0.37 +1.00 

*************************************************************************************************************
BETWEEN-IMAGE CONVERGENCE ANGLES

       Image           1           5           8
           5        58.0
           8        10.8        50.1
           9        16.3        43.7         6.4

Maximum convergence angle:         58.0

*************************************************************************************************************

Program successfully completed--no errors.


***** END OF FILE *****
